{"level":30,"time":1763059293346,"pid":13416,"hostname":"Blipypok","id":"oval1","area":6.283185307179586,"perimeter":9.688448216130086,"isCircle":false,"validPoints":true,"msg":"Oval calculated"}
{"level":30,"time":1763059293346,"pid":13416,"hostname":"Blipypok","id":"oval2","area":0,"perimeter":7.996781300046746,"isCircle":false,"validPoints":false,"msg":"Oval calculated"}
{"level":30,"time":1763059293346,"pid":13416,"hostname":"Blipypok","id":"cone1","surfaceArea":83.22976079115259,"volume":47.1238898038469,"baseOnPlane":true,"validCone":true,"msg":"Cone calculated"}
{"level":40,"time":1763059293346,"pid":13416,"hostname":"Blipypok","err":"Cone height must be positive","line":"cone cone2 1.0 2.0 3.0 1.0 2.0 0.0 2.0 -5.0","msg":"Invalid input line skipped"}
{"level":30,"time":1763059441769,"pid":9268,"hostname":"Blipypok","id":"oval1","area":6.283185307179586,"perimeter":9.688448216130086,"isCircle":false,"validPoints":true,"msg":"Oval calculated"}
{"level":30,"time":1763059441769,"pid":9268,"hostname":"Blipypok","id":"oval2","area":0,"perimeter":7.996781300046746,"isCircle":false,"validPoints":false,"msg":"Oval calculated"}
{"level":30,"time":1763059441769,"pid":9268,"hostname":"Blipypok","id":"cone1","surfaceArea":83.22976079115259,"volume":47.1238898038469,"baseOnPlane":true,"validCone":true,"msg":"Cone calculated"}
{"level":40,"time":1763059441769,"pid":9268,"hostname":"Blipypok","err":"Cone height must be positive","line":"cone cone2 1.0 2.0 3.0 1.0 2.0 0.0 2.0 -5.0","msg":"Invalid input line skipped"}
{"level":30,"time":1763059613532,"pid":20336,"hostname":"Blipypok","id":"oval1","area":6.283185307179586,"perimeter":9.688448216130086,"isCircle":false,"validPoints":true,"msg":"Oval calculated"}
{"level":30,"time":1763059613533,"pid":20336,"hostname":"Blipypok","id":"oval2","area":0,"perimeter":7.996781300046746,"isCircle":false,"validPoints":false,"msg":"Oval calculated"}
{"level":30,"time":1763059613533,"pid":20336,"hostname":"Blipypok","id":"oval3","area":9.42477796076938,"perimeter":11.05174608035383,"isCircle":false,"validPoints":true,"msg":"Oval calculated"}
{"level":40,"time":1763059613533,"pid":20336,"hostname":"Blipypok","err":"One or more parameters are not valid numbers","line":"oval oval4 1.0 2.0           # недостаточно параметров","msg":"Invalid input line skipped"}
{"level":40,"time":1763059613533,"pid":20336,"hostname":"Blipypok","err":"One or more parameters are not valid numbers","line":"oval oval5 1.0 2.0 3.0 a     # не число","msg":"Invalid input line skipped"}
{"level":40,"time":1763059613533,"pid":20336,"hostname":"Blipypok","err":"One or more parameters are not valid numbers","line":"oval oval6 0.0 0.0 0.0 0.0  # нулевая площадь, invalid points","msg":"Invalid input line skipped"}
{"level":30,"time":1763059613533,"pid":20336,"hostname":"Blipypok","id":"cone1","surfaceArea":83.22976079115259,"volume":47.1238898038469,"baseOnPlane":true,"validCone":true,"msg":"Cone calculated"}
{"level":40,"time":1763059613533,"pid":20336,"hostname":"Blipypok","err":"One or more parameters are not valid numbers","line":"cone cone2 1.0 2.0 3.0 1.0 2.0 0.0 2.0 -5.0  # отрицательная высота","msg":"Invalid input line skipped"}
{"level":40,"time":1763059613533,"pid":20336,"hostname":"Blipypok","err":"One or more parameters are not valid numbers","line":"cone cone3 1.0 2.0 3.0 4.0 5.0 6.0 -1.0 2.0  # отрицательный радиус","msg":"Invalid input line skipped"}
{"level":40,"time":1763059613534,"pid":20336,"hostname":"Blipypok","err":"One or more parameters are not valid numbers","line":"cone cone4 1.0 2.0 3.0 4.0 5.0 6.0 2.0 0.0   # нулевая высота","msg":"Invalid input line skipped"}
{"level":40,"time":1763059613534,"pid":20336,"hostname":"Blipypok","err":"One or more parameters are not valid numbers","line":"cone cone5 1.0 2.0 3.0 4.0 5.0 6.0 2.0      # недостаточно параметров","msg":"Invalid input line skipped"}
{"level":40,"time":1763059613534,"pid":20336,"hostname":"Blipypok","err":"One or more parameters are not valid numbers","line":"cone cone6 1.0 2.0 3.0 4.0 5.0 6.0 2.0 a    # не число","msg":"Invalid input line skipped"}
{"level":30,"time":1763059861295,"pid":24204,"hostname":"Blipypok","id":"oval1","area":6.283185307179586,"perimeter":9.688448216130086,"isCircle":false,"validPoints":true,"msg":"Oval calculated"}
{"level":30,"time":1763059861296,"pid":24204,"hostname":"Blipypok","id":"oval2","area":0,"perimeter":7.996781300046746,"isCircle":false,"validPoints":false,"msg":"Oval calculated"}
{"level":30,"time":1763059861296,"pid":24204,"hostname":"Blipypok","id":"oval3","area":9.42477796076938,"perimeter":11.05174608035383,"isCircle":false,"validPoints":true,"msg":"Oval calculated"}
{"level":40,"time":1763059861296,"pid":24204,"hostname":"Blipypok","err":"Oval requires 4 numeric parameters: x1 y1 x2 y2","line":"oval oval4 1.0 2.0       ","msg":"Invalid input line skipped"}
{"level":40,"time":1763059861297,"pid":24204,"hostname":"Blipypok","err":"One or more parameters are not valid numbers","line":"oval oval5 1.0 2.0 3.0 a     ","msg":"Invalid input line skipped"}
{"level":30,"time":1763059861297,"pid":24204,"hostname":"Blipypok","id":"oval6","area":0,"perimeter":null,"isCircle":true,"validPoints":false,"msg":"Oval calculated"}
{"level":30,"time":1763059861297,"pid":24204,"hostname":"Blipypok","id":"cone1","surfaceArea":83.22976079115259,"volume":47.1238898038469,"baseOnPlane":true,"validCone":true,"msg":"Cone calculated"}
{"level":40,"time":1763059861297,"pid":24204,"hostname":"Blipypok","err":"Cone height must be positive","line":"cone cone2 1.0 2.0 3.0 1.0 2.0 0.0 2.0 -5.0  ","msg":"Invalid input line skipped"}
{"level":40,"time":1763059861297,"pid":24204,"hostname":"Blipypok","err":"Cone radius must be positive","line":"cone cone3 1.0 2.0 3.0 4.0 5.0 6.0 -1.0 2.0  ","msg":"Invalid input line skipped"}
{"level":40,"time":1763059861297,"pid":24204,"hostname":"Blipypok","err":"Cone height must be positive","line":"cone cone4 1.0 2.0 3.0 4.0 5.0 6.0 2.0 0.0   ","msg":"Invalid input line skipped"}
{"level":40,"time":1763059861297,"pid":24204,"hostname":"Blipypok","err":"Cone requires 8 numeric parameters: ax ay az bx by bz radius height","line":"cone cone5 1.0 2.0 3.0 4.0 5.0 6.0 2.0     ","msg":"Invalid input line skipped"}
{"level":40,"time":1763059861297,"pid":24204,"hostname":"Blipypok","err":"One or more parameters are not valid numbers","line":"cone cone6 1.0 2.0 3.0 4.0 5.0 6.0 2.0 a    ","msg":"Invalid input line skipped"}
{"level":40,"time":1763062518997,"pid":9352,"hostname":"Blipypok","err":"One or more parameters are not valid numbers","line":"oval invalid 1 2 a 4","msg":"Invalid input line skipped"}
{"level":40,"time":1763062518999,"pid":9352,"hostname":"Blipypok","err":"Unknown shape type: triangle","line":"triangle t1 0 0 1 1 2 2","msg":"Invalid input line skipped"}
{"level":30,"time":1763062537505,"pid":16352,"hostname":"Blipypok","id":"oval1","area":6.283185307179586,"perimeter":9.688448216130086,"isCircle":false,"validPoints":true,"msg":"Oval calculated"}
{"level":30,"time":1763062537505,"pid":16352,"hostname":"Blipypok","id":"oval2","area":0,"perimeter":7.996781300046746,"isCircle":false,"validPoints":false,"msg":"Oval calculated"}
{"level":30,"time":1763062537505,"pid":16352,"hostname":"Blipypok","id":"oval3","area":9.42477796076938,"perimeter":11.05174608035383,"isCircle":false,"validPoints":true,"msg":"Oval calculated"}
{"level":40,"time":1763062537505,"pid":16352,"hostname":"Blipypok","err":"Oval requires 4 numeric parameters: x1 y1 x2 y2","line":"oval oval4 1.0 2.0       ","msg":"Invalid input line skipped"}
{"level":40,"time":1763062537505,"pid":16352,"hostname":"Blipypok","err":"One or more parameters are not valid numbers","line":"oval oval5 1.0 2.0 3.0 a     ","msg":"Invalid input line skipped"}
{"level":30,"time":1763062537506,"pid":16352,"hostname":"Blipypok","id":"oval6","area":0,"perimeter":null,"isCircle":true,"validPoints":false,"msg":"Oval calculated"}
{"level":30,"time":1763062537506,"pid":16352,"hostname":"Blipypok","id":"cone1","surfaceArea":83.22976079115259,"volume":47.1238898038469,"baseOnPlane":true,"validCone":true,"msg":"Cone calculated"}
{"level":40,"time":1763062537506,"pid":16352,"hostname":"Blipypok","err":"Cone height must be positive","line":"cone cone2 1.0 2.0 3.0 1.0 2.0 0.0 2.0 -5.0  ","msg":"Invalid input line skipped"}
{"level":40,"time":1763062537506,"pid":16352,"hostname":"Blipypok","err":"Cone radius must be positive","line":"cone cone3 1.0 2.0 3.0 4.0 5.0 6.0 -1.0 2.0  ","msg":"Invalid input line skipped"}
{"level":40,"time":1763062537506,"pid":16352,"hostname":"Blipypok","err":"Cone height must be positive","line":"cone cone4 1.0 2.0 3.0 4.0 5.0 6.0 2.0 0.0   ","msg":"Invalid input line skipped"}
{"level":40,"time":1763062537506,"pid":16352,"hostname":"Blipypok","err":"Cone requires 8 numeric parameters: ax ay az bx by bz radius height","line":"cone cone5 1.0 2.0 3.0 4.0 5.0 6.0 2.0     ","msg":"Invalid input line skipped"}
{"level":40,"time":1763062537506,"pid":16352,"hostname":"Blipypok","err":"One or more parameters are not valid numbers","line":"cone cone6 1.0 2.0 3.0 4.0 5.0 6.0 2.0 a    ","msg":"Invalid input line skipped"}
{"level":40,"time":1763062733942,"pid":35780,"hostname":"Blipypok","err":"One or more parameters are not valid numbers","line":"oval invalid 1 2 a 4","msg":"Invalid input line skipped"}
{"level":40,"time":1763062733943,"pid":35780,"hostname":"Blipypok","err":"Unknown shape type: triangle","line":"triangle t1 0 0 1 1 2 2","msg":"Invalid input line skipped"}
